Label: BUTTOCKS_EXPOSED, Box: [1283, 698, 285, 194]
Label: BELLY_EXPOSED, Box: [843, 568, 165, 197]
Label: FEMALE_BREAST_EXPOSED, Box: [799, 414, 117, 126]
Label: ARMPITS_EXPOSED, Box: [771, 385, 56, 76]
Label: FEMALE_GENITALIA_EXPOSED, Box: [876, 784, 90, 83]
Label: FEET_EXPOSED, Box: [1876, 1435, 221, 140]
Label: ARMPITS_EXPOSED, Box: [1007, 374, 66, 88]
Label: FEMALE_BREAST_EXPOSED, Box: [920, 406, 120, 137]
Label: FEMALE_BREAST_EXPOSED, Box: [1845, 409, 137, 134]
Label: FACE_FEMALE, Box: [863, 153, 118, 126]
Label: FEET_EXPOSED, Box: [285, 1428, 221, 146]
Label: FEET_EXPOSED, Box: [801, 1405, 106, 161]
Label: FEET_EXPOSED, Box: [927, 1425, 125, 145]
Label: FEMALE_BREAST_EXPOSED, Box: [393, 397, 139, 150]
Label: BUTTOCKS_EXPOSED, Box: [2019, 700, 113, 190]
Label: FEET_EXPOSED, Box: [1427, 1443, 116, 119]
Label: ARMPITS_EXPOSED, Box: [335, 382, 67, 83]
Label: BUTTOCKS_EXPOSED, Box: [241, 702, 110, 193]
Label: ARMPITS_EXPOSED, Box: [1494, 382, 72, 98]
Label: FEET_EXPOSED, Box: [1311, 1438, 104, 124]
Label: BELLY_EXPOSED, Box: [1878, 568, 100, 212]
Label: BELLY_EXPOSED, Box: [410, 576, 85, 207]
Label: ARMPITS_EXPOSED, Box: [1267, 396, 69, 92]
Label: ARMPITS_EXPOSED, Box: [1970, 364, 66, 95]
Label: FACE_FEMALE, Box: [1863, 150, 96, 141]
